Parsing PB-Corpus from gold.txt
Parsing Sentences
Parsing Frames
s1, s2, s3, s4, s5, s6, s7, s8, s9, s10, s11, s12, s13, s14, s15, s16, s17, s18, s19, s20, s21, s22, s23, s24, s25, s26, s27, s28, s29, 
s30, s31, s32, s33, s34, s35, s36, s37, s38, s39, s40, s41, s42, s43, s44, s45, s46, s47, s48, s49, s50, s51, s52, s53, s54, s55, s56, s57, s58, s59, 
s60, s61, s62, s63, s64, s65, s66, s67, s68, s69, s70, s71, s72, s73, s74, s75, s76, s77, s78, s79, s80, s81, s82, s83, s84, s85, s86, s87, s88, s89, 
s90, s91, s92, s93, s94, s95, s96, s97, s98, s99, s100, s101, s102, s103, s104, s105, s106, s107, s108, s109, s110, s111, s112, s113, s114, s115, s116, s117, s118, s119, 
s120, s121, s122, s123, s124, s125, s126, s127, s128, s129, s130, s131, s132, s133, s134, s135, s136, s137, s138, s139, s140, s141, s142, s143, s144, s145, s146, s147, s148, s149, 
s150, s151, s152, s153, s154, s155, s156, s157, s158, s159, s160, s161, s162, s163, s164, s165, s166, s167, s168, s169, s170, s171, s172, s173, s174, s175, s176, s177, s178, s179, 
s180, s181, s182, s183, s184, s185, s186, s187, s188, s189, s190, s191, s192, s193, s194, s195, s196, s197, s198, s199, s200, s201, s202, s203, s204, s205, s206, s207, s208, s209, 
s210, s211, s212, s213, s214, s215, s216, s217, s218, s219, s220, s221, s222, s223, s224, s225, s226, s227, s228, s229, s230, s231, s232, s233, s234, s235, s236, s237, s238, s239, 
s240, s241, s242, s243, s244, s245, s246, s247, s248, 
Parsing PB-Corpus from predicted.txt
Parsing Sentences
Parsing Frames
s1, s2, s3, s4, s5, s6, s7, s8, s9, s10, s11, s12, s13, s14, s15, s16, s17, s18, s19, s20, s21, s22, s23, s24, s25, s26, s27, s28, s29, 
s30, s31, s32, s33, s34, s35, s36, s37, s38, s39, s40, s41, s42, s43, s44, s45, s46, s47, s48, s49, s50, s51, s52, s53, s54, s55, s56, s57, s58, s59, 
s60, s61, s62, s63, s64, s65, s66, s67, s68, s69, s70, s71, s72, s73, s74, s75, s76, s77, s78, s79, s80, s81, s82, s83, s84, s85, s86, s87, s88, s89, 
s90, s91, s92, s93, s94, s95, s96, s97, s98, s99, s100, s101, s102, s103, s104, s105, s106, s107, s108, s109, s110, s111, s112, s113, s114, s115, s116, s117, s118, s119, 
s120, s121, s122, s123, s124, s125, s126, s127, s128, s129, s130, s131, s132, s133, s134, s135, s136, s137, s138, s139, s140, s141, s142, s143, s144, s145, s146, s147, s148, s149, 
s150, s151, s152, s153, s154, s155, s156, s157, s158, s159, s160, s161, s162, s163, s164, s165, s166, s167, s168, s169, s170, s171, s172, s173, s174, s175, s176, s177, s178, s179, 
s180, s181, s182, s183, s184, s185, s186, s187, s188, s189, s190, s191, s192, s193, s194, s195, s196, s197, s198, s199, s200, s201, s202, s203, s204, s205, s206, s207, s208, s209, 
s210, s211, s212, s213, s214, s215, s216, s217, s218, s219, s220, s221, s222, s223, s224, s225, s226, s227, s228, s229, s230, s231, s232, s233, s234, s235, s236, s237, s238, s239, 
s240, s241, s242, s243, s244, s245, s246, s247, s248, 

You are evaluating the No-Instantiations of a corpus

method CoreferenceChainsExtractor.extractCoreferenceChains() has been called
method CoreferenceChainsExtractor.extractSingleAnnotations() has been called
number of single annotations: 700
method CoreferenceChainsExtractor.createCoreferenceChains() has been called
integrate chain 1: s75_coreference.01...NEW CHAIN
	merge coreference chains...merged: false...ok
integrate chain 2: s200_coreference.01...NEW CHAIN
	merge coreference chains...merged: false...ok
integrate chain 3: s128_coreference.01...NEW CHAIN
	merge coreference chains...merged: false...ok
integrate chain 4: s129_coreference.01...NEW CHAIN
	merge coreference chains...merged: false...ok
integrate chain 5: s126_coreference.01...NEW CHAIN
	merge coreference chains...merged: false...ok
integrate chain 6: s48_coreference.01...NEW CHAIN
	merge coreference chains...merged: false...ok
integrate chain 7: s64_coreference.01...NEW CHAIN
	merge coreference chains...merged: false...ok
integrate chain 8: s67_coreference.01...NEW CHAIN
	merge coreference chains...merged: false...ok
integrate chain 9: s133_coreference.01...NEW CHAIN
	merge coreference chains...merged: false...ok
integrate chain 10: s235_coreference.01...NEW CHAIN
	merge coreference chains...merged: false...ok
integrate chain 11: s2_coreference.01...NEW CHAIN
	merge coreference chains...merged: false...ok
integrate chain 12: s129_coreference.01...NEW CHAIN
	merge coreference chains...merged: false...ok
integrate chain 13: s71_coreference.01...NEW CHAIN
	merge coreference chains...merged: false...ok
integrate chain 14: s189_coreference.01...NEW CHAIN
	merge coreference chains...merged: false...ok
integrate chain 15: s227_coreference.01...NEW CHAIN
	merge coreference chains...merged: false...ok
integrate chain 16: s218_coreference.01...NEW CHAIN
	merge coreference chains...merged: false...ok
integrate chain 17: s63_coreference.01...NEW CHAIN
	merge coreference chains...merged: false...ok
integrate chain 18: s65_coreference.01...NEW CHAIN
	merge coreference chains...merged: false...ok
integrate chain 19: s201_coreference.01...NEW CHAIN
	merge coreference chains...merged: false...ok
integrate chain 20: s233_coreference.01...NEW CHAIN
	merge coreference chains...merged: false...ok
integrate chain 21: s235_coreference.01...NEW CHAIN
	merge coreference chains...merged: false...ok
integrate chain 22: s187_coreference.01...NEW CHAIN
	merge coreference chains...merged: false...ok
integrate chain 23: s186_coreference.01...NEW CHAIN
	merge coreference chains...merged: false...ok
integrate chain 24: s125_coreference.01...NEW CHAIN
	merge coreference chains...merged: false...ok
integrate chain 25: s27_coreference.01...NEW CHAIN
	merge coreference chains...merged: false...ok
integrate chain 26: s149_coreference.01...NEW CHAIN
	merge coreference chains...merged: false...ok
integrate chain 27: s153_coreference.01...NEW CHAIN
	merge coreference chains...merged: false...ok
integrate chain 28: s180_coreference.01...NEW CHAIN
	merge coreference chains...merged: false...ok
integrate chain 29: s187_coreference.01...NEW CHAIN
	merge coreference chains...merged: false...ok
integrate chain 30: s227_coreference.01...NEW CHAIN
	merge coreference chains...merged: false...ok
integrate chain 31: s11_coreference.01...NEW CHAIN
	merge coreference chains...merged: false...ok
integrate chain 32: s58_coreference.01...NEW CHAIN
	merge coreference chains...merged: false...ok
integrate chain 33: s82_coreference.01...NEW CHAIN
	merge coreference chains...merged: false...ok
integrate chain 34: s173_coreference.01...NEW CHAIN
	merge coreference chains...merged: false...ok
integrate chain 35: s180_coreference.01...NEW CHAIN
	merge coreference chains...merged: false...ok
integrate chain 36: s156_coreference.01...NEW CHAIN
	merge coreference chains...merged: false...ok
integrate chain 37: s45_coreference.01...NEW CHAIN
	merge coreference chains...merged: false...ok
integrate chain 38: s181_coreference.01...NEW CHAIN
	merge coreference chains...merged: false...ok
integrate chain 39: s238_coreference.01...NEW CHAIN
	merge coreference chains...merged: false...ok
integrate chain 40: s110_coreference.01...NEW CHAIN
	merge coreference chains...merged: false...ok
integrate chain 41: s182_coreference.01...NEW CHAIN
	merge coreference chains...merged: false...ok
integrate chain 42: s4_coreference.01...NEW CHAIN
	merge coreference chains...merged: false...ok
integrate chain 43: s18_coreference.01...NEW CHAIN
	merge coreference chains...merged: false...ok
integrate chain 44: s52_coreference.01...NEW CHAIN
	merge coreference chains...merged: false...ok
integrate chain 45: s174_coreference.01...NEW CHAIN
	merge coreference chains...merged: false...ok
integrate chain 46: s93_coreference.01...NEW CHAIN
	merge coreference chains...merged: false...ok
integrate chain 47: s152_coreference.01...NEW CHAIN
	merge coreference chains...merged: false...ok
integrate chain 48: s119_coreference.01...NEW CHAIN
	merge coreference chains...merged: false...ok
integrate chain 49: s144_coreference.01...NEW CHAIN
	merge coreference chains...merged: false...ok
integrate chain 50: s163_coreference.01...NEW CHAIN
	merge coreference chains...merged: false...ok
integrate chain 51: s143_coreference.01...NEW CHAIN
	merge coreference chains...merged: false...ok
integrate chain 52: s241_coreference.01...NEW CHAIN
	merge coreference chains...merged: false...ok
integrate chain 53: s241_coreference.01...NEW CHAIN
	merge coreference chains...merged: false...ok
integrate chain 54: s210_coreference.01...NEW CHAIN
	merge coreference chains...merged: false...ok
integrate chain 55: s113_coreference.01...NEW CHAIN
	merge coreference chains...merged: false...ok
integrate chain 56: s202_coreference.01...NEW CHAIN
	merge coreference chains...merged: false...ok
integrate chain 57: s99_coreference.01...NEW CHAIN
	merge coreference chains...merged: false...ok
integrate chain 58: s169_coreference.01...NEW CHAIN
	merge coreference chains...merged: false...ok
integrate chain 59: s199_coreference.01...NEW CHAIN
	merge coreference chains...merged: false...ok
integrate chain 60: s56_coreference.01...NEW CHAIN
	merge coreference chains...merged: false...ok
integrate chain 61: s136_coreference.01...NEW CHAIN
	merge coreference chains...merged: false...ok
integrate chain 62: s102_coreference.01...NEW CHAIN
	merge coreference chains...merged: false...ok
integrate chain 63: s193_coreference.01...NEW CHAIN
	merge coreference chains...merged: false...ok
integrate chain 64: s133_coreference.01...NEW CHAIN
	merge coreference chains...merged: false...ok
integrate chain 65: s110_coreference.01...NEW CHAIN
	merge coreference chains...merged: false...ok
integrate chain 66: s136_coreference.01...NEW CHAIN
	merge coreference chains...merged: false...ok
integrate chain 67: s124_coreference.01...NEW CHAIN
	merge coreference chains...merged: false...ok
integrate chain 68: s22_coreference.01...NEW CHAIN
	merge coreference chains...merged: false...ok
integrate chain 69: s67_coreference.01...NEW CHAIN
	merge coreference chains...merged: false...ok
integrate chain 70: s207_coreference.01...NEW CHAIN
	merge coreference chains...merged: false...ok
integrate chain 71: s89_coreference.01...NEW CHAIN
	merge coreference chains...merged: false...ok
integrate chain 72: s59_coreference.01...NEW CHAIN
	merge coreference chains...merged: false...ok
integrate chain 73: s100_coreference.01...NEW CHAIN
	merge coreference chains...merged: false...ok
integrate chain 74: s173_coreference.01...NEW CHAIN
	merge coreference chains...merged: false...ok
integrate chain 75: s201_coreference.01...NEW CHAIN
	merge coreference chains...merged: false...ok
integrate chain 76: s53_coreference.01...NEW CHAIN
	merge coreference chains...merged: false...ok
integrate chain 77: s29_coreference.01...NEW CHAIN
	merge coreference chains...merged: false...ok
integrate chain 78: s62_coreference.01...NEW CHAIN
	merge coreference chains...merged: false...ok
integrate chain 79: s77_coreference.01...NEW CHAIN
	merge coreference chains...merged: false...ok
integrate chain 80: s70_coreference.01...NEW CHAIN
	merge coreference chains...merged: false...ok
integrate chain 81: s207_coreference.01...NEW CHAIN
	merge coreference chains...merged: false...ok
integrate chain 82: s110_coreference.01...NEW CHAIN
	merge coreference chains...merged: false...ok
integrate chain 83: s75_coreference.01...NEW CHAIN
	merge coreference chains...merged: false...ok
integrate chain 84: s35_coreference.01...NEW CHAIN
	merge coreference chains...merged: false...ok
integrate chain 85: s9_coreference.01...NEW CHAIN
	merge coreference chains...merged: false...ok
integrate chain 86: s67_coreference.01...NEW CHAIN
	merge coreference chains...merged: false...ok
integrate chain 87: s169_coreference.01...NEW CHAIN
	merge coreference chains...merged: false...ok
integrate chain 88: s171_coreference.01...NEW CHAIN
	merge coreference chains...merged: false...ok
integrate chain 89: s65_coreference.01...NEW CHAIN
	merge coreference chains...merged: false...ok
integrate chain 90: s1_coreference.01...NEW CHAIN
	merge coreference chains...merged: false...ok
integrate chain 91: s80_coreference.01...NEW CHAIN
	merge coreference chains...merged: false...ok
integrate chain 92: s122_coreference.01...NEW CHAIN
	merge coreference chains...merged: false...ok
integrate chain 93: s7_coreference.01...NEW CHAIN
	merge coreference chains...merged: false...ok
integrate chain 94: s67_coreference.01...NEW CHAIN
	merge coreference chains...merged: false...ok
integrate chain 95: s31_coreference.01...NEW CHAIN
	merge coreference chains...merged: false...ok
integrate chain 96: s115_coreference.01...NEW CHAIN
	merge coreference chains...merged: false...ok
integrate chain 97: s239_coreference.01...NEW CHAIN
	merge coreference chains...merged: false...ok
integrate chain 98: s118_coreference.01...NEW CHAIN
	merge coreference chains...merged: false...ok
integrate chain 99: s89_coreference.01...NEW CHAIN
	merge coreference chains...merged: false...ok
integrate chain 100: s117_coreference.01...NEW CHAIN
	merge coreference chains...merged: false...ok
integrate chain 101: s195_coreference.01...NEW CHAIN
	merge coreference chains...merged: false...ok
integrate chain 102: s89_coreference.01...NEW CHAIN
	merge coreference chains...merged: false...ok
integrate chain 103: s78_coreference.01...NEW CHAIN
	merge coreference chains...merged: false...ok
integrate chain 104: s186_coreference.01...NEW CHAIN
	merge coreference chains...merged: false...ok
integrate chain 105: s179_coreference.01...NEW CHAIN
	merge coreference chains...merged: false...ok
integrate chain 106: s24_coreference.01...NEW CHAIN
	merge coreference chains...merged: false...ok
integrate chain 107: s128_coreference.01...NEW CHAIN
	merge coreference chains...merged: false...ok
integrate chain 108: s130_coreference.01...NEW CHAIN
	merge coreference chains...merged: false...ok
integrate chain 109: s33_coreference.01...NEW CHAIN
	merge coreference chains...merged: false...ok
integrate chain 110: s27_coreference.01...NEW CHAIN
	merge coreference chains...merged: false...ok
integrate chain 111: s153_coreference.01...NEW CHAIN
	merge coreference chains...merged: false...ok
integrate chain 112: s69_coreference.01...NEW CHAIN
	merge coreference chains...merged: false...ok
integrate chain 113: s58_coreference.01...NEW CHAIN
	merge coreference chains...merged: false...ok
integrate chain 114: s173_coreference.01...NEW CHAIN
	merge coreference chains...merged: false...ok
integrate chain 115: s50_coreference.01...NEW CHAIN
	merge coreference chains...merged: false...ok
integrate chain 116: s184_coreference.01...NEW CHAIN
	merge coreference chains...merged: false...ok
integrate chain 117: s131_coreference.01...NEW CHAIN
	merge coreference chains...merged: false...ok
integrate chain 118: s32_coreference.01...NEW CHAIN
	merge coreference chains...merged: false...ok
integrate chain 119: s33_coreference.01...NEW CHAIN
	merge coreference chains...merged: false...ok
integrate chain 120: s25_coreference.01...NEW CHAIN
	merge coreference chains...merged: false...ok
integrate chain 121: s24_coreference.01...NEW CHAIN
	merge coreference chains...merged: false...ok
integrate chain 122: s23_coreference.01...NEW CHAIN
	merge coreference chains...merged: false...ok
integrate chain 123: s88_coreference.01...NEW CHAIN
	merge coreference chains...merged: false...ok
integrate chain 124: s53_coreference.01...NEW CHAIN
	merge coreference chains...merged: false...ok
integrate chain 125: s143_coreference.01...NEW CHAIN
	merge coreference chains...merged: false...ok
integrate chain 126: s110_coreference.01...NEW CHAIN
	merge coreference chains...merged: false...ok
integrate chain 127: s149_coreference.01...NEW CHAIN
	merge coreference chains...merged: false...ok
integrate chain 128: s246_coreference.01...NEW CHAIN
	merge coreference chains...merged: false...ok
integrate chain 129: s30_coreference.01...NEW CHAIN
	merge coreference chains...merged: false...ok
integrate chain 130: s89_coreference.01...NEW CHAIN
	merge coreference chains...merged: false...ok
integrate chain 131: s210_coreference.01...NEW CHAIN
	merge coreference chains...merged: false...ok
integrate chain 132: s210_coreference.01...NEW CHAIN
	merge coreference chains...merged: false...ok
integrate chain 133: s2_coreference.01...NEW CHAIN
	merge coreference chains...merged: false...ok
integrate chain 134: s206_coreference.01...NEW CHAIN
	merge coreference chains...merged: false...ok
integrate chain 135: s234_coreference.01...NEW CHAIN
	merge coreference chains...merged: false...ok
integrate chain 136: s186_coreference.01...NEW CHAIN
	merge coreference chains...merged: false...ok
integrate chain 137: s170_coreference.01...NEW CHAIN
	merge coreference chains...merged: false...ok
integrate chain 138: s105_coreference.01...NEW CHAIN
	merge coreference chains...merged: false...ok
integrate chain 139: s164_coreference.01...NEW CHAIN
	merge coreference chains...merged: false...ok
integrate chain 140: s136_coreference.01...NEW CHAIN
	merge coreference chains...merged: false...ok
integrate chain 141: s125_coreference.01...NEW CHAIN
	merge coreference chains...merged: false...ok
integrate chain 142: s180_coreference.01...NEW CHAIN
	merge coreference chains...merged: false...ok
integrate chain 143: s170_coreference.01...NEW CHAIN
	merge coreference chains...merged: false...ok
integrate chain 144: s235_coreference.01...NEW CHAIN
	merge coreference chains...merged: false...ok
integrate chain 145: s97_coreference.01...NEW CHAIN
	merge coreference chains...merged: false...ok
integrate chain 146: s3_coreference.01...NEW CHAIN
	merge coreference chains...merged: false...ok
integrate chain 147: s219_coreference.01...NEW CHAIN
	merge coreference chains...merged: false...ok
integrate chain 148: s96_coreference.01...NEW CHAIN
	merge coreference chains...merged: false...ok
integrate chain 149: s130_coreference.01...NEW CHAIN
	merge coreference chains...merged: false...ok
integrate chain 150: s210_coreference.01...NEW CHAIN
	merge coreference chains...merged: false...ok
integrate chain 151: s124_coreference.01...NEW CHAIN
	merge coreference chains...merged: false...ok
integrate chain 152: s179_coreference.01...NEW CHAIN
	merge coreference chains...merged: false...ok
integrate chain 153: s232_coreference.01...NEW CHAIN
	merge coreference chains...merged: false...ok
integrate chain 154: s165_coreference.01...NEW CHAIN
	merge coreference chains...merged: false...ok
integrate chain 155: s171_coreference.01...NEW CHAIN
	merge coreference chains...merged: false...ok
integrate chain 156: s181_coreference.01...NEW CHAIN
	merge coreference chains...merged: false...ok
integrate chain 157: s9_coreference.01...NEW CHAIN
	merge coreference chains...merged: false...ok
integrate chain 158: s210_coreference.01...NEW CHAIN
	merge coreference chains...merged: false...ok
integrate chain 159: s180_coreference.01...NEW CHAIN
	merge coreference chains...merged: false...ok
integrate chain 160: s128_coreference.01...NEW CHAIN
	merge coreference chains...merged: false...ok
integrate chain 161: s229_coreference.01...NEW CHAIN
	merge coreference chains...merged: false...ok
integrate chain 162: s148_coreference.01...NEW CHAIN
	merge coreference chains...merged: false...ok
integrate chain 163: s49_coreference.01...NEW CHAIN
	merge coreference chains...merged: false...ok
integrate chain 164: s148_coreference.01...NEW CHAIN
	merge coreference chains...merged: false...ok
integrate chain 165: s2_coreference.01...NEW CHAIN
	merge coreference chains...merged: false...ok
integrate chain 166: s37_coreference.01...NEW CHAIN
	merge coreference chains...merged: false...ok
integrate chain 167: s23_coreference.01...NEW CHAIN
	merge coreference chains...merged: false...ok
integrate chain 168: s37_coreference.01...NEW CHAIN
	merge coreference chains...merged: false...ok
integrate chain 169: s98_coreference.01...NEW CHAIN
	merge coreference chains...merged: false...ok
integrate chain 170: s244_coreference.01...NEW CHAIN
	merge coreference chains...merged: false...ok
integrate chain 171: s112_coreference.01...NEW CHAIN
	merge coreference chains...merged: false...ok
integrate chain 172: s40_coreference.01...NEW CHAIN
	merge coreference chains...merged: false...ok
integrate chain 173: s9_coreference.01...NEW CHAIN
	merge coreference chains...merged: false...ok
integrate chain 174: s96_coreference.01...NEW CHAIN
	merge coreference chains...merged: false...ok
integrate chain 175: s105_coreference.01...NEW CHAIN
	merge coreference chains...merged: false...ok
integrate chain 176: s164_coreference.01...NEW CHAIN
	merge coreference chains...merged: false...ok
integrate chain 177: s173_coreference.01...NEW CHAIN
	merge coreference chains...merged: false...ok
integrate chain 178: s111_coreference.01...NEW CHAIN
	merge coreference chains...merged: false...ok
integrate chain 179: s133_coreference.01...NEW CHAIN
	merge coreference chains...merged: false...ok
integrate chain 180: s42_coreference.01...NEW CHAIN
	merge coreference chains...merged: false...ok
integrate chain 181: s201_coreference.01...NEW CHAIN
	merge coreference chains...merged: false...ok
integrate chain 182: s147_coreference.01...NEW CHAIN
	merge coreference chains...merged: false...ok
integrate chain 183: s218_coreference.01...NEW CHAIN
	merge coreference chains...merged: false...ok
integrate chain 184: s205_coreference.01...NEW CHAIN
	merge coreference chains...merged: false...ok
integrate chain 185: s137_coreference.01...NEW CHAIN
	merge coreference chains...merged: false...ok
integrate chain 186: s20_coreference.01...NEW CHAIN
	merge coreference chains...merged: false...ok
integrate chain 187: s128_coreference.01...NEW CHAIN
	merge coreference chains...merged: false...ok
integrate chain 188: s64_coreference.01...NEW CHAIN
	merge coreference chains...merged: false...ok
integrate chain 189: s141_coreference.01...NEW CHAIN
	merge coreference chains...merged: false...ok
integrate chain 190: s190_coreference.01...NEW CHAIN
	merge coreference chains...merged: false...ok
integrate chain 191: s235_coreference.01...NEW CHAIN
	merge coreference chains...merged: false...ok
integrate chain 192: s5_coreference.01...NEW CHAIN
	merge coreference chains...merged: false...ok
integrate chain 193: s94_coreference.01...NEW CHAIN
	merge coreference chains...merged: false...ok
integrate chain 194: s2_coreference.01...NEW CHAIN
	merge coreference chains...merged: false...ok
integrate chain 195: s7_coreference.01...NEW CHAIN
	merge coreference chains...merged: false...ok
integrate chain 196: s153_coreference.01...NEW CHAIN
	merge coreference chains...merged: false...ok
integrate chain 197: s5_coreference.01...NEW CHAIN
	merge coreference chains...merged: false...ok
integrate chain 198: s211_coreference.01...NEW CHAIN
	merge coreference chains...merged: false...ok
integrate chain 199: s153_coreference.01...NEW CHAIN
	merge coreference chains...merged: false...ok
integrate chain 200: s18_coreference.01...NEW CHAIN
	merge coreference chains...merged: false...ok
integrate chain 201: s163_coreference.01...NEW CHAIN
	merge coreference chains...merged: false...ok
integrate chain 202: s48_coreference.01...NEW CHAIN
	merge coreference chains...merged: false...ok
integrate chain 203: s146_coreference.01...NEW CHAIN
	merge coreference chains...merged: false...ok
integrate chain 204: s28_coreference.01...NEW CHAIN
	merge coreference chains...merged: false...ok
integrate chain 205: s120_coreference.01...NEW CHAIN
	merge coreference chains...merged: false...ok
integrate chain 206: s212_coreference.01...NEW CHAIN
	merge coreference chains...merged: false...ok
integrate chain 207: s1_coreference.01...NEW CHAIN
	merge coreference chains...merged: false...ok
integrate chain 208: s212_coreference.01...NEW CHAIN
	merge coreference chains...merged: false...ok
integrate chain 209: s206_coreference.01...NEW CHAIN
	merge coreference chains...merged: false...ok
integrate chain 210: s129_coreference.01...NEW CHAIN
	merge coreference chains...merged: false...ok
integrate chain 211: s180_coreference.01...NEW CHAIN
	merge coreference chains...merged: false...ok
integrate chain 212: s4_coreference.01...NEW CHAIN
	merge coreference chains...merged: false...ok
integrate chain 213: s196_coreference.01...NEW CHAIN
	merge coreference chains...merged: false...ok
integrate chain 214: s48_coreference.01...NEW CHAIN
	merge coreference chains...merged: false...ok
integrate chain 215: s15_coreference.01...NEW CHAIN
	merge coreference chains...merged: false...ok
integrate chain 216: s184_coreference.01...NEW CHAIN
	merge coreference chains...merged: false...ok
integrate chain 217: s230_coreference.01...NEW CHAIN
	merge coreference chains...merged: false...ok
integrate chain 218: s157_coreference.01...NEW CHAIN
	merge coreference chains...merged: false...ok
integrate chain 219: s231_coreference.01...NEW CHAIN
	merge coreference chains...merged: false...ok
integrate chain 220: s215_coreference.01...NEW CHAIN
	merge coreference chains...merged: false...ok
integrate chain 221: s217_coreference.01...NEW CHAIN
	merge coreference chains...merged: false...ok
integrate chain 222: s18_coreference.01...NEW CHAIN
	merge coreference chains...merged: false...ok
integrate chain 223: s90_coreference.01...NEW CHAIN
	merge coreference chains...merged: false...ok
integrate chain 224: s114_coreference.01...NEW CHAIN
	merge coreference chains...merged: false...ok
integrate chain 225: s210_coreference.01...NEW CHAIN
	merge coreference chains...merged: false...ok
integrate chain 226: s92_coreference.01...NEW CHAIN
	merge coreference chains...merged: false...ok
integrate chain 227: s42_coreference.01...NEW CHAIN
	merge coreference chains...merged: false...ok
integrate chain 228: s241_coreference.01...NEW CHAIN
	merge coreference chains...merged: false...ok
integrate chain 229: s220_coreference.01...NEW CHAIN
	merge coreference chains...merged: false...ok
integrate chain 230: s198_coreference.01...NEW CHAIN
	merge coreference chains...merged: false...ok
integrate chain 231: s125_coreference.01...NEW CHAIN
	merge coreference chains...merged: false...ok
integrate chain 232: s153_coreference.01...NEW CHAIN
	merge coreference chains...merged: false...ok
integrate chain 233: s220_coreference.01...NEW CHAIN
	merge coreference chains...merged: false...ok
integrate chain 234: s182_coreference.01...NEW CHAIN
	merge coreference chains...merged: false...ok
integrate chain 235: s42_coreference.01...NEW CHAIN
	merge coreference chains...merged: false...ok
integrate chain 236: s207_coreference.01...NEW CHAIN
	merge coreference chains...merged: false...ok
integrate chain 237: s69_coreference.01...NEW CHAIN
	merge coreference chains...merged: false...ok
integrate chain 238: s229_coreference.01...NEW CHAIN
	merge coreference chains...merged: false...ok
integrate chain 239: s140_coreference.01...NEW CHAIN
	merge coreference chains...merged: false...ok
integrate chain 240: s30_coreference.01...NEW CHAIN
	merge coreference chains...merged: false...ok
integrate chain 241: s126_coreference.01...NEW CHAIN
	merge coreference chains...merged: false...ok
integrate chain 242: s197_coreference.01...NEW CHAIN
	merge coreference chains...merged: false...ok
integrate chain 243: s28_coreference.01...NEW CHAIN
	merge coreference chains...merged: false...ok
integrate chain 244: s31_coreference.01...NEW CHAIN
	merge coreference chains...merged: false...ok
integrate chain 245: s61_coreference.01...NEW CHAIN
	merge coreference chains...merged: false...ok
integrate chain 246: s43_coreference.01...NEW CHAIN
	merge coreference chains...merged: false...ok
integrate chain 247: s141_coreference.01...NEW CHAIN
	merge coreference chains...merged: false...ok
integrate chain 248: s77_coreference.01...NEW CHAIN
	merge coreference chains...merged: false...ok
integrate chain 249: s212_coreference.01...NEW CHAIN
	merge coreference chains...merged: false...ok
integrate chain 250: s232_coreference.01...NEW CHAIN
	merge coreference chains...merged: false...ok
integrate chain 251: s45_coreference.01...NEW CHAIN
	merge coreference chains...merged: false...ok
integrate chain 252: s10_coreference.01...NEW CHAIN
	merge coreference chains...merged: false...ok
integrate chain 253: s239_coreference.01...NEW CHAIN
	merge coreference chains...merged: false...ok
integrate chain 254: s112_coreference.01...NEW CHAIN
	merge coreference chains...merged: false...ok
integrate chain 255: s232_coreference.01...NEW CHAIN
	merge coreference chains...merged: false...ok
integrate chain 256: s246_coreference.01...NEW CHAIN
	merge coreference chains...merged: false...ok
integrate chain 257: s36_coreference.01...NEW CHAIN
	merge coreference chains...merged: false...ok
integrate chain 258: s178_coreference.01...NEW CHAIN
	merge coreference chains...merged: false...ok
integrate chain 259: s12_coreference.01...NEW CHAIN
	merge coreference chains...merged: false...ok
integrate chain 260: s50_coreference.01...NEW CHAIN
	merge coreference chains...merged: false...ok
integrate chain 261: s153_coreference.01...NEW CHAIN
	merge coreference chains...merged: false...ok
integrate chain 262: s17_coreference.01...NEW CHAIN
	merge coreference chains...merged: false...ok
integrate chain 263: s11_coreference.01...NEW CHAIN
	merge coreference chains...merged: false...ok
integrate chain 264: s104_coreference.01...NEW CHAIN
	merge coreference chains...merged: false...ok
integrate chain 265: s45_coreference.01...NEW CHAIN
	merge coreference chains...merged: false...ok
integrate chain 266: s48_coreference.01...NEW CHAIN
	merge coreference chains...merged: false...ok
integrate chain 267: s242_coreference.01...NEW CHAIN
	merge coreference chains...merged: false...ok
integrate chain 268: s171_coreference.01...NEW CHAIN
	merge coreference chains...merged: false...ok
integrate chain 269: s179_coreference.01...NEW CHAIN
	merge coreference chains...merged: false...ok
integrate chain 270: s187_coreference.01...NEW CHAIN
	merge coreference chains...merged: false...ok
integrate chain 271: s215_coreference.01...NEW CHAIN
	merge coreference chains...merged: false...ok
integrate chain 272: s149_coreference.01...NEW CHAIN
	merge coreference chains...merged: false...ok
integrate chain 273: s152_coreference.01...NEW CHAIN
	merge coreference chains...merged: false...ok
integrate chain 274: s89_coreference.01...NEW CHAIN
	merge coreference chains...merged: false...ok
integrate chain 275: s30_coreference.01...NEW CHAIN
	merge coreference chains...merged: false...ok
integrate chain 276: s133_coreference.01...NEW CHAIN
	merge coreference chains...merged: false...ok
integrate chain 277: s5_coreference.01...NEW CHAIN
	merge coreference chains...merged: false...ok
integrate chain 278: s4_coreference.01...NEW CHAIN
	merge coreference chains...merged: false...ok
integrate chain 279: s23_coreference.01...NEW CHAIN
	merge coreference chains...merged: false...ok
integrate chain 280: s69_coreference.01...NEW CHAIN
	merge coreference chains...merged: false...ok
integrate chain 281: s203_coreference.01...NEW CHAIN
	merge coreference chains...merged: false...ok
integrate chain 282: s0_coreference.01...NEW CHAIN
	merge coreference chains...merged: false...ok
integrate chain 283: s185_coreference.01...NEW CHAIN
	merge coreference chains...merged: false...ok
integrate chain 284: s100_coreference.01...NEW CHAIN
	merge coreference chains...merged: false...ok
integrate chain 285: s218_coreference.01...NEW CHAIN
	merge coreference chains...merged: false...ok
integrate chain 286: s121_coreference.01...NEW CHAIN
	merge coreference chains...merged: false...ok
integrate chain 287: s148_coreference.01...NEW CHAIN
	merge coreference chains...merged: false...ok
integrate chain 288: s10_coreference.01...NEW CHAIN
	merge coreference chains...merged: false...ok
integrate chain 289: s164_coreference.01...NEW CHAIN
	merge coreference chains...merged: false...ok
integrate chain 290: s63_coreference.01...NEW CHAIN
	merge coreference chains...merged: false...ok
integrate chain 291: s141_coreference.01...NEW CHAIN
	merge coreference chains...merged: false...ok
integrate chain 292: s132_coreference.01...NEW CHAIN
	merge coreference chains...merged: false...ok
integrate chain 293: s48_coreference.01...NEW CHAIN
	merge coreference chains...merged: false...ok
integrate chain 294: s170_coreference.01...NEW CHAIN
	merge coreference chains...merged: false...ok
integrate chain 295: s68_coreference.01...NEW CHAIN
	merge coreference chains...merged: false...ok
integrate chain 296: s220_coreference.01...NEW CHAIN
	merge coreference chains...merged: false...ok
integrate chain 297: s169_coreference.01...NEW CHAIN
	merge coreference chains...merged: false...ok
integrate chain 298: s153_coreference.01...NEW CHAIN
	merge coreference chains...merged: false...ok
integrate chain 299: s61_coreference.01...NEW CHAIN
	merge coreference chains...merged: false...ok
integrate chain 300: s70_coreference.01...NEW CHAIN
	merge coreference chains...merged: false...ok
integrate chain 301: s33_coreference.01...NEW CHAIN
	merge coreference chains...merged: false...ok
integrate chain 302: s15_coreference.01...NEW CHAIN
	merge coreference chains...merged: false...ok
integrate chain 303: s100_coreference.01...NEW CHAIN
	merge coreference chains...merged: false...ok
integrate chain 304: s120_coreference.01...NEW CHAIN
	merge coreference chains...merged: false...ok
integrate chain 305: s218_coreference.01...NEW CHAIN
	merge coreference chains...merged: false...ok
integrate chain 306: s8_coreference.01...NEW CHAIN
	merge coreference chains...merged: false...ok
integrate chain 307: s211_coreference.01...NEW CHAIN
	merge coreference chains...merged: false...ok
integrate chain 308: s52_coreference.01...NEW CHAIN
	merge coreference chains...merged: false...ok
integrate chain 309: s31_coreference.01...NEW CHAIN
	merge coreference chains...merged: false...ok
integrate chain 310: s213_coreference.01...NEW CHAIN
	merge coreference chains...merged: false...ok
integrate chain 311: s44_coreference.01...NEW CHAIN
	merge coreference chains...merged: false...ok
integrate chain 312: s170_coreference.01...NEW CHAIN
	merge coreference chains...merged: false...ok
integrate chain 313: s215_coreference.01...NEW CHAIN
	merge coreference chains...merged: false...ok
integrate chain 314: s53_coreference.01...NEW CHAIN
	merge coreference chains...merged: false...ok
integrate chain 315: s166_coreference.01...NEW CHAIN
	merge coreference chains...merged: false...ok
integrate chain 316: s75_coreference.01...NEW CHAIN
	merge coreference chains...merged: false...ok
integrate chain 317: s89_coreference.01...NEW CHAIN
	merge coreference chains...merged: false...ok
integrate chain 318: s91_coreference.01...NEW CHAIN
	merge coreference chains...merged: false...ok
integrate chain 319: s125_coreference.01...NEW CHAIN
	merge coreference chains...merged: false...ok
integrate chain 320: s21_coreference.01...NEW CHAIN
	merge coreference chains...merged: false...ok
integrate chain 321: s141_coreference.01...NEW CHAIN
	merge coreference chains...merged: false...ok
integrate chain 322: s209_coreference.01...NEW CHAIN
	merge coreference chains...merged: false...ok
integrate chain 323: s15_coreference.01...NEW CHAIN
	merge coreference chains...merged: false...ok
integrate chain 324: s163_coreference.01...NEW CHAIN
	merge coreference chains...merged: false...ok
integrate chain 325: s67_coreference.01...NEW CHAIN
	merge coreference chains...merged: false...ok
integrate chain 326: s132_coreference.01...NEW CHAIN
	merge coreference chains...merged: false...ok
integrate chain 327: s41_coreference.01...NEW CHAIN
	merge coreference chains...merged: false...ok
integrate chain 328: s235_coreference.01...NEW CHAIN
	merge coreference chains...merged: false...ok
integrate chain 329: s147_coreference.01...NEW CHAIN
	merge coreference chains...merged: false...ok
integrate chain 330: s171_coreference.01...NEW CHAIN
	merge coreference chains...merged: false...ok
integrate chain 331: s50_coreference.01...NEW CHAIN
	merge coreference chains...merged: false...ok
integrate chain 332: s217_coreference.01...NEW CHAIN
	merge coreference chains...merged: false...ok
integrate chain 333: s218_coreference.01...NEW CHAIN
	merge coreference chains...merged: false...ok
integrate chain 334: s234_coreference.01...NEW CHAIN
	merge coreference chains...merged: false...ok
integrate chain 335: s139_coreference.01...NEW CHAIN
	merge coreference chains...merged: false...ok
integrate chain 336: s9_coreference.01...NEW CHAIN
	merge coreference chains...merged: false...ok
integrate chain 337: s208_coreference.01...NEW CHAIN
	merge coreference chains...merged: false...ok
integrate chain 338: s161_coreference.01...NEW CHAIN
	merge coreference chains...merged: false...ok
integrate chain 339: s21_coreference.01...NEW CHAIN
	merge coreference chains...merged: false...ok
integrate chain 340: s42_coreference.01...NEW CHAIN
	merge coreference chains...merged: false...ok
integrate chain 341: s69_coreference.01...NEW CHAIN
	merge coreference chains...merged: false...ok
integrate chain 342: s30_coreference.01...NEW CHAIN
	merge coreference chains...merged: false...ok
integrate chain 343: s66_coreference.01...NEW CHAIN
	merge coreference chains...merged: false...ok
integrate chain 344: s153_coreference.01...NEW CHAIN
	merge coreference chains...merged: false...ok
integrate chain 345: s67_coreference.01...NEW CHAIN
	merge coreference chains...merged: false...ok
integrate chain 346: s148_coreference.01...NEW CHAIN
	merge coreference chains...merged: false...ok
integrate chain 347: s0_coreference.01...NEW CHAIN
	merge coreference chains...merged: false...ok
integrate chain 348: s96_coreference.01...NEW CHAIN
	merge coreference chains...merged: false...ok
integrate chain 349: s10_coreference.01...NEW CHAIN
	merge coreference chains...merged: false...ok
integrate chain 350: s168_coreference.01...NEW CHAIN
	merge coreference chains...merged: false...ok
integrate chain 351: s219_coreference.01...NEW CHAIN
	merge coreference chains...merged: false...ok
integrate chain 352: s120_coreference.01...NEW CHAIN
	merge coreference chains...merged: false...ok
integrate chain 353: s213_coreference.01...NEW CHAIN
	merge coreference chains...merged: false...ok
integrate chain 354: s112_coreference.01...NEW CHAIN
	merge coreference chains...merged: false...ok
integrate chain 355: s229_coreference.01...NEW CHAIN
	merge coreference chains...merged: false...ok
integrate chain 356: s246_coreference.01...NEW CHAIN
	merge coreference chains...merged: false...ok
integrate chain 357: s31_coreference.01...NEW CHAIN
	merge coreference chains...merged: false...ok
integrate chain 358: s156_coreference.01...NEW CHAIN
	merge coreference chains...merged: false...ok
integrate chain 359: s93_coreference.01...NEW CHAIN
	merge coreference chains...merged: false...ok
integrate chain 360: s185_coreference.01...NEW CHAIN
	merge coreference chains...merged: false...ok
integrate chain 361: s235_coreference.01...NEW CHAIN
	merge coreference chains...merged: false...ok
integrate chain 362: s116_coreference.01...NEW CHAIN
	merge coreference chains...merged: false...ok
integrate chain 363: s237_coreference.01...NEW CHAIN
	merge coreference chains...merged: false...ok
integrate chain 364: s169_coreference.01...NEW CHAIN
	merge coreference chains...merged: false...ok
integrate chain 365: s230_coreference.01...NEW CHAIN
	merge coreference chains...merged: false...ok
integrate chain 366: s60_coreference.01...NEW CHAIN
	merge coreference chains...merged: false...ok
integrate chain 367: s200_coreference.01...NEW CHAIN
	merge coreference chains...merged: false...ok
integrate chain 368: s2_coreference.01...NEW CHAIN
	merge coreference chains...merged: false...ok
integrate chain 369: s120_coreference.01...NEW CHAIN
	merge coreference chains...merged: false...ok
integrate chain 370: s237_coreference.01...NEW CHAIN
	merge coreference chains...merged: false...ok
integrate chain 371: s119_coreference.01...NEW CHAIN
	merge coreference chains...merged: false...ok
integrate chain 372: s32_coreference.01...NEW CHAIN
	merge coreference chains...merged: false...ok
integrate chain 373: s128_coreference.01...NEW CHAIN
	merge coreference chains...merged: false...ok
integrate chain 374: s191_coreference.01...NEW CHAIN
	merge coreference chains...merged: false...ok
integrate chain 375: s29_coreference.01...NEW CHAIN
	merge coreference chains...merged: false...ok
integrate chain 376: s5_coreference.01...NEW CHAIN
	merge coreference chains...merged: false...ok
integrate chain 377: s197_coreference.01...NEW CHAIN
	merge coreference chains...merged: false...ok
integrate chain 378: s136_coreference.01...NEW CHAIN
	merge coreference chains...merged: false...ok
integrate chain 379: s141_coreference.01...NEW CHAIN
	merge coreference chains...merged: false...ok
integrate chain 380: s41_coreference.01...NEW CHAIN
	merge coreference chains...merged: false...ok
integrate chain 381: s186_coreference.01...NEW CHAIN
	merge coreference chains...merged: false...ok
integrate chain 382: s120_coreference.01...NEW CHAIN
	merge coreference chains...merged: false...ok
integrate chain 383: s198_coreference.01...NEW CHAIN
	merge coreference chains...merged: false...ok
integrate chain 384: s30_coreference.01...NEW CHAIN
	merge coreference chains...merged: false...ok
integrate chain 385: s15_coreference.01...NEW CHAIN
	merge coreference chains...merged: false...ok
integrate chain 386: s79_coreference.01...NEW CHAIN
	merge coreference chains...merged: false...ok
integrate chain 387: s11_coreference.01...NEW CHAIN
	merge coreference chains...merged: false...ok
integrate chain 388: s173_coreference.01...NEW CHAIN
	merge coreference chains...merged: false...ok
integrate chain 389: s184_coreference.01...NEW CHAIN
	merge coreference chains...merged: false...ok
integrate chain 390: s0_coreference.01...NEW CHAIN
	merge coreference chains...merged: false...ok
integrate chain 391: s32_coreference.01...NEW CHAIN
	merge coreference chains...merged: false...ok
integrate chain 392: s107_coreference.01...NEW CHAIN
	merge coreference chains...merged: false...ok
integrate chain 393: s123_coreference.01...NEW CHAIN
	merge coreference chains...merged: false...ok
integrate chain 394: s117_coreference.01...NEW CHAIN
	merge coreference chains...merged: false...ok
integrate chain 395: s201_coreference.01...NEW CHAIN
	merge coreference chains...merged: false...ok
integrate chain 396: s43_coreference.01...NEW CHAIN
	merge coreference chains...merged: false...ok
integrate chain 397: s88_coreference.01...NEW CHAIN
	merge coreference chains...merged: false...ok
integrate chain 398: s1_coreference.01...NEW CHAIN
	merge coreference chains...merged: false...ok
integrate chain 399: s2_coreference.01...NEW CHAIN
	merge coreference chains...merged: false...ok
integrate chain 400: s31_coreference.01...NEW CHAIN
	merge coreference chains...merged: false...ok
integrate chain 401: s0_coreference.01...NEW CHAIN
	merge coreference chains...merged: false...ok
integrate chain 402: s75_coreference.01...NEW CHAIN
	merge coreference chains...merged: false...ok
integrate chain 403: s218_coreference.01...NEW CHAIN
	merge coreference chains...merged: false...ok
integrate chain 404: s120_coreference.01...NEW CHAIN
	merge coreference chains...merged: false...ok
integrate chain 405: s100_coreference.01...NEW CHAIN
	merge coreference chains...merged: false...ok
integrate chain 406: s245_coreference.01...NEW CHAIN
	merge coreference chains...merged: false...ok
integrate chain 407: s241_coreference.01...NEW CHAIN
	merge coreference chains...merged: false...ok
integrate chain 408: s40_coreference.01...NEW CHAIN
	merge coreference chains...merged: false...ok
integrate chain 409: s211_coreference.01...NEW CHAIN
	merge coreference chains...merged: false...ok
integrate chain 410: s72_coreference.01...NEW CHAIN
	merge coreference chains...merged: false...ok
integrate chain 411: s119_coreference.01...NEW CHAIN
	merge coreference chains...merged: false...ok
integrate chain 412: s91_coreference.01...NEW CHAIN
	merge coreference chains...merged: false...ok
integrate chain 413: s125_coreference.01...NEW CHAIN
	merge coreference chains...merged: false...ok
integrate chain 414: s62_coreference.01...NEW CHAIN
	merge coreference chains...merged: false...ok
integrate chain 415: s93_coreference.01...NEW CHAIN
	merge coreference chains...merged: false...ok
integrate chain 416: s5_coreference.01...NEW CHAIN
	merge coreference chains...merged: false...ok
integrate chain 417: s65_coreference.01...NEW CHAIN
	merge coreference chains...merged: false...ok
integrate chain 418: s19_coreference.01...NEW CHAIN
	merge coreference chains...merged: false...ok
integrate chain 419: s218_coreference.01...NEW CHAIN
	merge coreference chains...merged: false...ok
integrate chain 420: s15_coreference.01...NEW CHAIN
	merge coreference chains...merged: false...ok
integrate chain 421: s168_coreference.01...NEW CHAIN
	merge coreference chains...merged: false...ok
integrate chain 422: s8_coreference.01...NEW CHAIN
	merge coreference chains...merged: false...ok
integrate chain 423: s90_coreference.01...NEW CHAIN
	merge coreference chains...merged: false...ok
integrate chain 424: s119_coreference.01...NEW CHAIN
	merge coreference chains...merged: false...ok
integrate chain 425: s188_coreference.01...NEW CHAIN
	merge coreference chains...merged: false...ok
integrate chain 426: s215_coreference.01...NEW CHAIN
	merge coreference chains...merged: false...ok
integrate chain 427: s232_coreference.01...NEW CHAIN
	merge coreference chains...merged: false...ok
integrate chain 428: s19_coreference.01...NEW CHAIN
	merge coreference chains...merged: false...ok
integrate chain 429: s217_coreference.01...NEW CHAIN
	merge coreference chains...merged: false...ok
integrate chain 430: s57_coreference.01...NEW CHAIN
	merge coreference chains...merged: false...ok
integrate chain 431: s43_coreference.01...NEW CHAIN
	merge coreference chains...merged: false...ok
integrate chain 432: s139_coreference.01...NEW CHAIN
	merge coreference chains...merged: false...ok
integrate chain 433: s24_coreference.01...NEW CHAIN
	merge coreference chains...merged: false...ok
integrate chain 434: s139_coreference.01...NEW CHAIN
	merge coreference chains...merged: false...ok
integrate chain 435: s136_coreference.01...NEW CHAIN
	merge coreference chains...merged: false...ok
integrate chain 436: s199_coreference.01...NEW CHAIN
	merge coreference chains...merged: false...ok
integrate chain 437: s35_coreference.01...NEW CHAIN
	merge coreference chains...merged: false...ok
integrate chain 438: s174_coreference.01...NEW CHAIN
	merge coreference chains...merged: false...ok
integrate chain 439: s96_coreference.01...NEW CHAIN
	merge coreference chains...merged: false...ok
integrate chain 440: s85_coreference.01...NEW CHAIN
	merge coreference chains...merged: false...ok
integrate chain 441: s149_coreference.01...NEW CHAIN
	merge coreference chains...merged: false...ok
integrate chain 442: s214_coreference.01...NEW CHAIN
	merge coreference chains...merged: false...ok
integrate chain 443: s215_coreference.01...NEW CHAIN
	merge coreference chains...merged: false...ok
integrate chain 444: s1_coreference.01...NEW CHAIN
	merge coreference chains...merged: false...ok
integrate chain 445: s215_coreference.01...NEW CHAIN
	merge coreference chains...merged: false...ok
integrate chain 446: s1_coreference.01...NEW CHAIN
	merge coreference chains...merged: false...ok
integrate chain 447: s6_coreference.01...NEW CHAIN
	merge coreference chains...merged: false...ok
integrate chain 448: s112_coreference.01...NEW CHAIN
	merge coreference chains...merged: false...ok
integrate chain 449: s85_coreference.01...NEW CHAIN
	merge coreference chains...merged: false...ok
integrate chain 450: s139_coreference.01...NEW CHAIN
	merge coreference chains...merged: false...ok
integrate chain 451: s195_coreference.01...NEW CHAIN
	merge coreference chains...merged: false...ok
integrate chain 452: s66_coreference.01...NEW CHAIN
	merge coreference chains...merged: false...ok
integrate chain 453: s184_coreference.01...NEW CHAIN
	merge coreference chains...merged: false...ok
integrate chain 454: s231_coreference.01...NEW CHAIN
	merge coreference chains...merged: false...ok
integrate chain 455: s45_coreference.01...NEW CHAIN
	merge coreference chains...merged: false...ok
integrate chain 456: s57_coreference.01...NEW CHAIN
	merge coreference chains...merged: false...ok
integrate chain 457: s91_coreference.01...NEW CHAIN
	merge coreference chains...merged: false...ok
integrate chain 458: s241_coreference.01...NEW CHAIN
	merge coreference chains...merged: false...ok
integrate chain 459: s111_coreference.01...NEW CHAIN
	merge coreference chains...merged: false...ok
integrate chain 460: s155_coreference.01...NEW CHAIN
	merge coreference chains...merged: false...ok
integrate chain 461: s197_coreference.01...NEW CHAIN
	merge coreference chains...merged: false...ok
integrate chain 462: s44_coreference.01...NEW CHAIN
	merge coreference chains...merged: false...ok
integrate chain 463: s209_coreference.01...NEW CHAIN
	merge coreference chains...merged: false...ok
integrate chain 464: s184_coreference.01...NEW CHAIN
	merge coreference chains...merged: false...ok
integrate chain 465: s115_coreference.01...NEW CHAIN
	merge coreference chains...merged: false...ok
integrate chain 466: s88_coreference.01...NEW CHAIN
	merge coreference chains...merged: false...ok
integrate chain 467: s113_coreference.01...NEW CHAIN
	merge coreference chains...merged: false...ok
integrate chain 468: s148_coreference.01...NEW CHAIN
	merge coreference chains...merged: false...ok
integrate chain 469: s97_coreference.01...NEW CHAIN
	merge coreference chains...merged: false...ok
integrate chain 470: s148_coreference.01...NEW CHAIN
	merge coreference chains...merged: false...ok
integrate chain 471: s133_coreference.01...NEW CHAIN
	merge coreference chains...merged: false...ok
integrate chain 472: s38_coreference.01...NEW CHAIN
	merge coreference chains...merged: false...ok
integrate chain 473: s205_coreference.01...NEW CHAIN
	merge coreference chains...merged: false...ok
integrate chain 474: s1_coreference.01...NEW CHAIN
	merge coreference chains...merged: false...ok
integrate chain 475: s202_coreference.01...NEW CHAIN
	merge coreference chains...merged: false...ok
integrate chain 476: s212_coreference.01...NEW CHAIN
	merge coreference chains...merged: false...ok
integrate chain 477: s56_coreference.01...NEW CHAIN
	merge coreference chains...merged: false...ok
integrate chain 478: s100_coreference.01...NEW CHAIN
	merge coreference chains...merged: false...ok
integrate chain 479: s98_coreference.01...NEW CHAIN
	merge coreference chains...merged: false...ok
integrate chain 480: s144_coreference.01...NEW CHAIN
	merge coreference chains...merged: false...ok
integrate chain 481: s184_coreference.01...NEW CHAIN
	merge coreference chains...merged: false...ok
integrate chain 482: s82_coreference.01...NEW CHAIN
	merge coreference chains...merged: false...ok
integrate chain 483: s147_coreference.01...NEW CHAIN
	merge coreference chains...merged: false...ok
integrate chain 484: s190_coreference.01...NEW CHAIN
	merge coreference chains...merged: false...ok
integrate chain 485: s29_coreference.01...NEW CHAIN
	merge coreference chains...merged: false...ok
integrate chain 486: s62_coreference.01...NEW CHAIN
	merge coreference chains...merged: false...ok
integrate chain 487: s168_coreference.01...NEW CHAIN
	merge coreference chains...merged: false...ok
integrate chain 488: s212_coreference.01...NEW CHAIN
	merge coreference chains...merged: false...ok
integrate chain 489: s169_coreference.01...NEW CHAIN
	merge coreference chains...merged: false...ok
integrate chain 490: s156_coreference.01...NEW CHAIN
	merge coreference chains...merged: false...ok
integrate chain 491: s164_coreference.01...NEW CHAIN
	merge coreference chains...merged: false...ok
integrate chain 492: s45_coreference.01...NEW CHAIN
	merge coreference chains...merged: false...ok
integrate chain 493: s92_coreference.01...NEW CHAIN
	merge coreference chains...merged: false...ok
integrate chain 494: s148_coreference.01...NEW CHAIN
	merge coreference chains...merged: false...ok
integrate chain 495: s14_coreference.01...NEW CHAIN
	merge coreference chains...merged: false...ok
integrate chain 496: s3_coreference.01...NEW CHAIN
	merge coreference chains...merged: false...ok
integrate chain 497: s120_coreference.01...NEW CHAIN
	merge coreference chains...merged: false...ok
integrate chain 498: s141_coreference.01...NEW CHAIN
	merge coreference chains...merged: false...ok
integrate chain 499: s155_coreference.01...NEW CHAIN
	merge coreference chains...merged: false...ok
integrate chain 500: s69_coreference.01...NEW CHAIN
	merge coreference chains...merged: false...ok
integrate chain 501: s223_coreference.01...NEW CHAIN
	merge coreference chains...merged: false...ok
integrate chain 502: s11_coreference.01...NEW CHAIN
	merge coreference chains...merged: false...ok
integrate chain 503: s104_coreference.01...NEW CHAIN
	merge coreference chains...merged: false...ok
integrate chain 504: s8_coreference.01...NEW CHAIN
	merge coreference chains...merged: false...ok
integrate chain 505: s112_coreference.01...NEW CHAIN
	merge coreference chains...merged: false...ok
integrate chain 506: s164_coreference.01...NEW CHAIN
	merge coreference chains...merged: false...ok
integrate chain 507: s113_coreference.01...NEW CHAIN
	merge coreference chains...merged: false...ok
integrate chain 508: s225_coreference.01...NEW CHAIN
	merge coreference chains...merged: false...ok
integrate chain 509: s224_coreference.01...NEW CHAIN
	merge coreference chains...merged: false...ok
integrate chain 510: s46_coreference.01...NEW CHAIN
	merge coreference chains...merged: false...ok
integrate chain 511: s108_coreference.01...NEW CHAIN
	merge coreference chains...merged: false...ok
integrate chain 512: s28_coreference.01...NEW CHAIN
	merge coreference chains...merged: false...ok
integrate chain 513: s212_coreference.01...NEW CHAIN
	merge coreference chains...merged: false...ok
integrate chain 514: s129_coreference.01...NEW CHAIN
	merge coreference chains...merged: false...ok
integrate chain 515: s242_coreference.01...NEW CHAIN
	merge coreference chains...merged: false...ok
integrate chain 516: s163_coreference.01...NEW CHAIN
	merge coreference chains...merged: false...ok
integrate chain 517: s166_coreference.01...NEW CHAIN
	merge coreference chains...merged: false...ok
integrate chain 518: s191_coreference.01...NEW CHAIN
	merge coreference chains...merged: false...ok
integrate chain 519: s90_coreference.01...NEW CHAIN
	merge coreference chains...merged: false...ok
integrate chain 520: s119_coreference.01...NEW CHAIN
	merge coreference chains...merged: false...ok
integrate chain 521: s225_coreference.01...NEW CHAIN
	merge coreference chains...merged: false...ok
integrate chain 522: s228_coreference.01...NEW CHAIN
	merge coreference chains...merged: false...ok
integrate chain 523: s9_coreference.01...NEW CHAIN
	merge coreference chains...merged: false...ok
integrate chain 524: s171_coreference.01...NEW CHAIN
	merge coreference chains...merged: false...ok
integrate chain 525: s206_coreference.01...NEW CHAIN
	merge coreference chains...merged: false...ok
integrate chain 526: s202_coreference.01...NEW CHAIN
	merge coreference chains...merged: false...ok
integrate chain 527: s230_coreference.01...NEW CHAIN
	merge coreference chains...merged: false...ok
integrate chain 528: s117_coreference.01...NEW CHAIN
	merge coreference chains...merged: false...ok
integrate chain 529: s146_coreference.01...NEW CHAIN
	merge coreference chains...merged: false...ok
integrate chain 530: s117_coreference.01...NEW CHAIN
	merge coreference chains...merged: false...ok
integrate chain 531: s176_coreference.01...NEW CHAIN
	merge coreference chains...merged: false...ok
integrate chain 532: s19_coreference.01...NEW CHAIN
	merge coreference chains...merged: false...ok
integrate chain 533: s14_coreference.01...NEW CHAIN
	merge coreference chains...merged: false...ok
integrate chain 534: s94_coreference.01...NEW CHAIN
	merge coreference chains...merged: false...ok
integrate chain 535: s76_coreference.01...NEW CHAIN
	merge coreference chains...merged: false...ok
integrate chain 536: s209_coreference.01...NEW CHAIN
	merge coreference chains...merged: false...ok
integrate chain 537: s171_coreference.01...NEW CHAIN
	merge coreference chains...merged: false...ok
integrate chain 538: s79_coreference.01...NEW CHAIN
	merge coreference chains...merged: false...ok
integrate chain 539: s34_coreference.01...NEW CHAIN
	merge coreference chains...merged: false...ok
integrate chain 540: s120_coreference.01...NEW CHAIN
	merge coreference chains...merged: false...ok
integrate chain 541: s0_coreference.01...NEW CHAIN
	merge coreference chains...merged: false...ok
integrate chain 542: s11_coreference.01...NEW CHAIN
	merge coreference chains...merged: false...ok
integrate chain 543: s236_coreference.01...NEW CHAIN
	merge coreference chains...merged: false...ok
integrate chain 544: s93_coreference.01...NEW CHAIN
	merge coreference chains...merged: false...ok
integrate chain 545: s171_coreference.01...NEW CHAIN
	merge coreference chains...merged: false...ok
integrate chain 546: s8_coreference.01...NEW CHAIN
	merge coreference chains...merged: false...ok
integrate chain 547: s89_coreference.01...NEW CHAIN
	merge coreference chains...merged: false...ok
integrate chain 548: s5_coreference.01...NEW CHAIN
	merge coreference chains...merged: false...ok
integrate chain 549: s9_coreference.01...NEW CHAIN
	merge coreference chains...merged: false...ok
integrate chain 550: s151_coreference.01...NEW CHAIN
	merge coreference chains...merged: false...ok
integrate chain 551: s148_coreference.01...NEW CHAIN
	merge coreference chains...merged: false...ok
integrate chain 552: s178_coreference.01...NEW CHAIN
	merge coreference chains...merged: false...ok
integrate chain 553: s93_coreference.01...NEW CHAIN
	merge coreference chains...merged: false...ok
integrate chain 554: s99_coreference.01...NEW CHAIN
	merge coreference chains...merged: false...ok
integrate chain 555: s152_coreference.01...NEW CHAIN
	merge coreference chains...merged: false...ok
integrate chain 556: s164_coreference.01...NEW CHAIN
	merge coreference chains...merged: false...ok
integrate chain 557: s65_coreference.01...NEW CHAIN
	merge coreference chains...merged: false...ok
integrate chain 558: s130_coreference.01...NEW CHAIN
	merge coreference chains...merged: false...ok
integrate chain 559: s113_coreference.01...NEW CHAIN
	merge coreference chains...merged: false...ok
integrate chain 560: s67_coreference.01...NEW CHAIN
	merge coreference chains...merged: false...ok
integrate chain 561: s166_coreference.01...NEW CHAIN
	merge coreference chains...merged: false...ok
integrate chain 562: s153_coreference.01...NEW CHAIN
	merge coreference chains...merged: false...ok
integrate chain 563: s234_coreference.01...NEW CHAIN
	merge coreference chains...merged: false...ok
integrate chain 564: s174_coreference.01...NEW CHAIN
	merge coreference chains...merged: false...ok
integrate chain 565: s35_coreference.01...NEW CHAIN
	merge coreference chains...merged: false...ok
integrate chain 566: s130_coreference.01...NEW CHAIN
	merge coreference chains...merged: false...ok
integrate chain 567: s59_coreference.01...NEW CHAIN
	merge coreference chains...merged: false...ok
integrate chain 568: s70_coreference.01...NEW CHAIN
	merge coreference chains...merged: false...ok
integrate chain 569: s27_coreference.01...NEW CHAIN
	merge coreference chains...merged: false...ok
integrate chain 570: s172_coreference.01...NEW CHAIN
	merge coreference chains...merged: false...ok
integrate chain 571: s115_coreference.01...NEW CHAIN
	merge coreference chains...merged: false...ok
integrate chain 572: s127_coreference.01...NEW CHAIN
	merge coreference chains...merged: false...ok
integrate chain 573: s46_coreference.01...NEW CHAIN
	merge coreference chains...merged: false...ok
integrate chain 574: s92_coreference.01...NEW CHAIN
	merge coreference chains...merged: false...ok
integrate chain 575: s128_coreference.01...NEW CHAIN
	merge coreference chains...merged: false...ok
integrate chain 576: s236_coreference.01...NEW CHAIN
	merge coreference chains...merged: false...ok
integrate chain 577: s133_coreference.01...NEW CHAIN
	merge coreference chains...merged: false...ok
integrate chain 578: s218_coreference.01...NEW CHAIN
	merge coreference chains...merged: false...ok
integrate chain 579: s122_coreference.01...NEW CHAIN
	merge coreference chains...merged: false...ok
integrate chain 580: s154_coreference.01...NEW CHAIN
	merge coreference chains...merged: false...ok
integrate chain 581: s47_coreference.01...NEW CHAIN
	merge coreference chains...merged: false...ok
integrate chain 582: s85_coreference.01...NEW CHAIN
	merge coreference chains...merged: false...ok
integrate chain 583: s192_coreference.01...NEW CHAIN
	merge coreference chains...merged: false...ok
integrate chain 584: s67_coreference.01...NEW CHAIN
	merge coreference chains...merged: false...ok
integrate chain 585: s96_coreference.01...NEW CHAIN
	merge coreference chains...merged: false...ok
integrate chain 586: s129_coreference.01...NEW CHAIN
	merge coreference chains...merged: false...ok
integrate chain 587: s243_coreference.01...NEW CHAIN
	merge coreference chains...merged: false...ok
integrate chain 588: s208_coreference.01...NEW CHAIN
	merge coreference chains...merged: false...ok
integrate chain 589: s54_coreference.01...NEW CHAIN
	merge coreference chains...merged: false...ok
integrate chain 590: s53_coreference.01...NEW CHAIN
	merge coreference chains...merged: false...ok
integrate chain 591: s232_coreference.01...NEW CHAIN
	merge coreference chains...merged: false...ok
integrate chain 592: s19_coreference.01...NEW CHAIN
	merge coreference chains...merged: false...ok
integrate chain 593: s136_coreference.01...NEW CHAIN
	merge coreference chains...merged: false...ok
integrate chain 594: s29_coreference.01...NEW CHAIN
	merge coreference chains...merged: false...ok
integrate chain 595: s142_coreference.01...NEW CHAIN
	merge coreference chains...merged: false...ok
integrate chain 596: s213_coreference.01...NEW CHAIN
	merge coreference chains...merged: false...ok
integrate chain 597: s158_coreference.01...NEW CHAIN
	merge coreference chains...merged: false...ok
integrate chain 598: s246_coreference.01...NEW CHAIN
	merge coreference chains...merged: false...ok
integrate chain 599: s167_coreference.01...NEW CHAIN
	merge coreference chains...merged: false...ok
integrate chain 600: s25_coreference.01...NEW CHAIN
	merge coreference chains...merged: false...ok
integrate chain 601: s166_coreference.01...NEW CHAIN
	merge coreference chains...merged: false...ok
integrate chain 602: s77_coreference.01...NEW CHAIN
	merge coreference chains...merged: false...ok
integrate chain 603: s214_coreference.01...NEW CHAIN
	merge coreference chains...merged: false...ok
integrate chain 604: s240_coreference.01...NEW CHAIN
	merge coreference chains...merged: false...ok
integrate chain 605: s163_coreference.01...NEW CHAIN
	merge coreference chains...merged: false...ok
integrate chain 606: s89_coreference.01...NEW CHAIN
	merge coreference chains...merged: false...ok
integrate chain 607: s167_coreference.01...NEW CHAIN
	merge coreference chains...merged: false...ok
integrate chain 608: s7_coreference.01...NEW CHAIN
	merge coreference chains...merged: false...ok
integrate chain 609: s47_coreference.01...NEW CHAIN
	merge coreference chains...merged: false...ok
integrate chain 610: s89_coreference.01...NEW CHAIN
	merge coreference chains...merged: false...ok
integrate chain 611: s196_coreference.01...NEW CHAIN
	merge coreference chains...merged: false...ok
integrate chain 612: s222_coreference.01...NEW CHAIN
	merge coreference chains...merged: false...ok
integrate chain 613: s22_coreference.01...NEW CHAIN
	merge coreference chains...merged: false...ok
integrate chain 614: s222_coreference.01...NEW CHAIN
	merge coreference chains...merged: false...ok
integrate chain 615: s18_coreference.01...NEW CHAIN
	merge coreference chains...merged: false...ok
integrate chain 616: s66_coreference.01...NEW CHAIN
	merge coreference chains...merged: false...ok
integrate chain 617: s3_coreference.01...NEW CHAIN
	merge coreference chains...merged: false...ok
integrate chain 618: s167_coreference.01...NEW CHAIN
	merge coreference chains...merged: false...ok
integrate chain 619: s175_coreference.01...NEW CHAIN
	merge coreference chains...merged: false...ok
integrate chain 620: s137_coreference.01...NEW CHAIN
	merge coreference chains...merged: false...ok
integrate chain 621: s11_coreference.01...NEW CHAIN
	merge coreference chains...merged: false...ok
integrate chain 622: s166_coreference.01...NEW CHAIN
	merge coreference chains...merged: false...ok
integrate chain 623: s195_coreference.01...NEW CHAIN
	merge coreference chains...merged: false...ok
integrate chain 624: s203_coreference.01...NEW CHAIN
	merge coreference chains...merged: false...ok
integrate chain 625: s94_coreference.01...NEW CHAIN
	merge coreference chains...merged: false...ok
integrate chain 626: s164_coreference.01...NEW CHAIN
	merge coreference chains...merged: false...ok
integrate chain 627: s147_coreference.01...NEW CHAIN
	merge coreference chains...merged: false...ok
integrate chain 628: s194_coreference.01...NEW CHAIN
	merge coreference chains...merged: false...ok
integrate chain 629: s42_coreference.01...NEW CHAIN
	merge coreference chains...merged: false...ok
integrate chain 630: s2_coreference.01...NEW CHAIN
	merge coreference chains...merged: false...ok
integrate chain 631: s200_coreference.01...NEW CHAIN
	merge coreference chains...merged: false...ok
integrate chain 632: s211_coreference.01...NEW CHAIN
	merge coreference chains...merged: false...ok
integrate chain 633: s175_coreference.01...NEW CHAIN
	merge coreference chains...merged: false...ok
integrate chain 634: s40_coreference.01...NEW CHAIN
	merge coreference chains...merged: false...ok
integrate chain 635: s201_coreference.01...NEW CHAIN
	merge coreference chains...merged: false...ok
integrate chain 636: s62_coreference.01...NEW CHAIN
	merge coreference chains...merged: false...ok
integrate chain 637: s100_coreference.01...NEW CHAIN
	merge coreference chains...merged: false...ok
integrate chain 638: s103_coreference.01...NEW CHAIN
	merge coreference chains...merged: false...ok
integrate chain 639: s142_coreference.01...NEW CHAIN
	merge coreference chains...merged: false...ok
integrate chain 640: s222_coreference.01...NEW CHAIN
	merge coreference chains...merged: false...ok
integrate chain 641: s224_coreference.01...NEW CHAIN
	merge coreference chains...merged: false...ok
integrate chain 642: s4_coreference.01...NEW CHAIN
	merge coreference chains...merged: false...ok
integrate chain 643: s3_coreference.01...NEW CHAIN
	merge coreference chains...merged: false...ok
integrate chain 644: s31_coreference.01...NEW CHAIN
	merge coreference chains...merged: false...ok
integrate chain 645: s231_coreference.01...NEW CHAIN
	merge coreference chains...merged: false...ok
integrate chain 646: s38_coreference.01...NEW CHAIN
	merge coreference chains...merged: false...ok
integrate chain 647: s20_coreference.01...NEW CHAIN
	merge coreference chains...merged: false...ok
integrate chain 648: s12_coreference.01...NEW CHAIN
	merge coreference chains...merged: false...ok
integrate chain 649: s62_coreference.01...NEW CHAIN
	merge coreference chains...merged: false...ok
integrate chain 650: s148_coreference.01...NEW CHAIN
	merge coreference chains...merged: false...ok
integrate chain 651: s43_coreference.01...NEW CHAIN
	merge coreference chains...merged: false...ok
integrate chain 652: s23_coreference.01...NEW CHAIN
	merge coreference chains...merged: false...ok
integrate chain 653: s94_coreference.01...NEW CHAIN
	merge coreference chains...merged: false...ok
integrate chain 654: s100_coreference.01...NEW CHAIN
	merge coreference chains...merged: false...ok
integrate chain 655: s197_coreference.01...NEW CHAIN
	merge coreference chains...merged: false...ok
integrate chain 656: s30_coreference.01...NEW CHAIN
	merge coreference chains...merged: false...ok
integrate chain 657: s59_coreference.01...NEW CHAIN
	merge coreference chains...merged: false...ok
integrate chain 658: s147_coreference.01...NEW CHAIN
	merge coreference chains...merged: false...ok
integrate chain 659: s32_coreference.01...NEW CHAIN
	merge coreference chains...merged: false...ok
integrate chain 660: s29_coreference.01...NEW CHAIN
	merge coreference chains...merged: false...ok
integrate chain 661: s65_coreference.01...NEW CHAIN
	merge coreference chains...merged: false...ok
integrate chain 662: s5_coreference.01...NEW CHAIN
	merge coreference chains...merged: false...ok
integrate chain 663: s133_coreference.01...NEW CHAIN
	merge coreference chains...merged: false...ok
integrate chain 664: s150_coreference.01...NEW CHAIN
	merge coreference chains...merged: false...ok
integrate chain 665: s149_coreference.01...NEW CHAIN
	merge coreference chains...merged: false...ok
integrate chain 666: s201_coreference.01...NEW CHAIN
	merge coreference chains...merged: false...ok
integrate chain 667: s172_coreference.01...NEW CHAIN
	merge coreference chains...merged: false...ok
integrate chain 668: s188_coreference.01...NEW CHAIN
	merge coreference chains...merged: false...ok
integrate chain 669: s248_coreference.01...NEW CHAIN
	merge coreference chains...merged: false...ok
integrate chain 670: s57_coreference.01...NEW CHAIN
	merge coreference chains...merged: false...ok
integrate chain 671: s131_coreference.01...NEW CHAIN
	merge coreference chains...merged: false...ok
integrate chain 672: s245_coreference.01...NEW CHAIN
	merge coreference chains...merged: false...ok
integrate chain 673: s66_coreference.01...NEW CHAIN
	merge coreference chains...merged: false...ok
integrate chain 674: s166_coreference.01...NEW CHAIN
	merge coreference chains...merged: false...ok
integrate chain 675: s28_coreference.01...NEW CHAIN
	merge coreference chains...merged: false...ok
integrate chain 676: s208_coreference.01...NEW CHAIN
	merge coreference chains...merged: false...ok
integrate chain 677: s129_coreference.01...NEW CHAIN
	merge coreference chains...merged: false...ok
integrate chain 678: s143_coreference.01...NEW CHAIN
	merge coreference chains...merged: false...ok
integrate chain 679: s234_coreference.01...NEW CHAIN
	merge coreference chains...merged: false...ok
integrate chain 680: s119_coreference.01...NEW CHAIN
	merge coreference chains...merged: false...ok
integrate chain 681: s46_coreference.01...NEW CHAIN
	merge coreference chains...merged: false...ok
integrate chain 682: s149_coreference.01...NEW CHAIN
	merge coreference chains...merged: false...ok
integrate chain 683: s43_coreference.01...NEW CHAIN
	merge coreference chains...merged: false...ok
integrate chain 684: s197_coreference.01...NEW CHAIN
	merge coreference chains...merged: false...ok
integrate chain 685: s230_coreference.01...NEW CHAIN
	merge coreference chains...merged: false...ok
integrate chain 686: s201_coreference.01...NEW CHAIN
	merge coreference chains...merged: false...ok
integrate chain 687: s217_coreference.01...NEW CHAIN
	merge coreference chains...merged: false...ok
integrate chain 688: s59_coreference.01...NEW CHAIN
	merge coreference chains...merged: false...ok
integrate chain 689: s182_coreference.01...NEW CHAIN
	merge coreference chains...merged: false...ok
integrate chain 690: s241_coreference.01...NEW CHAIN
	merge coreference chains...merged: false...ok
integrate chain 691: s232_coreference.01...NEW CHAIN
	merge coreference chains...merged: false...ok
integrate chain 692: s31_coreference.01...NEW CHAIN
	merge coreference chains...merged: false...ok
integrate chain 693: s118_coreference.01...NEW CHAIN
	merge coreference chains...merged: false...ok
integrate chain 694: s134_coreference.01...NEW CHAIN
	merge coreference chains...merged: false...ok
integrate chain 695: s210_coreference.01...NEW CHAIN
	merge coreference chains...merged: false...ok
integrate chain 696: s210_coreference.01...NEW CHAIN
	merge coreference chains...merged: false...ok
integrate chain 697: s14_coreference.01...NEW CHAIN
	merge coreference chains...merged: false...ok
integrate chain 698: s38_coreference.01...NEW CHAIN
	merge coreference chains...merged: false...ok
integrate chain 699: s3_coreference.01...NEW CHAIN
	merge coreference chains...merged: false...ok
integrate chain 700: s140_coreference.01...NEW CHAIN
	merge coreference chains...merged: false...ok
True Positives: 9
False Positives: 18
False Negatives: 47

Precision: 0.3333333333333333
Recall: 0.16071428571428573
F-Score: 0.21686746987951808
Overlap: 0.7746031746031746
